<?xml version="1.0" encoding="UTF-8"?>
<!-- Generated by org.testng.reporters.JUnitReportReporter -->
<testsuite skipped="0" hostname="tugbas-MacBook-Air.local" name="SeleniumSession.FirstTestNgTest" tests="1" failures="0" timestamp="15 Nov 2019 23:16:50 GMT" time="0.013" errors="0">
  <testcase name="aTest" time="0.013" classname="SeleniumSession.FirstTestNgTest"/>
</testsuite> <!-- SeleniumSession.FirstTestNgTest -->
