<?xml version="1.0" encoding="UTF-8"?>
<!-- Generated by org.testng.reporters.JUnitReportReporter -->
<testsuite skipped="0" hostname="tugbas-MacBook-Air.local" name="SeleniumSession.ScreenShotConcepts" tests="1" failures="0" timestamp="31 Oct 2019 19:21:47 GMT" time="14.796" errors="0">
  <testcase name="takeScreenShot" time="14.796" classname="SeleniumSession.ScreenShotConcepts"/>
</testsuite> <!-- SeleniumSession.ScreenShotConcepts -->
